<?xml version="1.0" encoding="UTF-8" standalone="no"?><testsuite errors="0" failures="1" name="User Register Functionality" skipped="0" tests="3" time="6.21" timestamp="2025-11-22 07:27:09"><testcase name="Successful Register with Valid Credentials"><failure message="expected:&lt;[You have been successfully registered!]&gt; but was:&lt;[409 CONFLICT]&gt;" type="org.junit.ComparisonFailure">expected:&lt;[You have been successfully registered!]&gt; but was:&lt;[409 CONFLICT]&gt;</failure><system-err>expected:&lt;[You have been successfully registered!]&gt; but was:&lt;[409 CONFLICT]&gt;
com.moger.steps.RegisterStepDefinitions.the_user_should_be_redirected_to_the_next_page(RegisterStepDefinitions.java:39)
✽.the user should see a message "You have been successfully registered!"(file:///home/runner/work/serenity-ui-test/serenity-ui-test/src/test/resources/features/register/user_register.feature:9)
</system-err></testcase><testcase name="Unsuccessful Register with valid Credentials"/><testcase name="Unsuccessful Register with Invalid Email"/></testsuite>